<?xml version="1.0" encoding="UTF-8"?>
<!-- Generated by org.testng.reporters.JUnitXMLReporter -->
<testsuite ignored="0" hostname="LAPTOP-RNK5APDU" failures="2" tests="8" name="Test" time="141.688" errors="0" timestamp="2023-04-17T00:14:11 IST">
  <testcase classname="guvi.TestScenarios.SignupTest" name="Signup" time="6.697"/>
  <testcase classname="guvi.TestScenarios.LoginTest" name="LoginwithInValidCredentials" time="1.719"/>
  <testcase classname="guvi.TestScenarios.LoginTest" name="LoginwithValidCredentials" time="5.227"/>
  <testcase classname="guvi.TestScenarios.BookFlightOnewayTripTest" name="bookFlightforOneWay" time="50.646">
    <failure type="org.openqa.selenium.TimeoutException" message="Expected condition failed: waiting for element to be clickable: [[FirefoxDriver: firefox on WINDOWS (fdc0b9bc-5495-4bf0-8161-6cfb3172bc80)] -&amp;gt; xpath: //div[@data-testid=&amp;apos;add-ons-continue-footer-button&amp;apos;]] (tried for 10 second(s) with 500 milliseconds interval)
Build info: version: &amp;apos;4.8.1&amp;apos;, revision: &amp;apos;8ebccac989&amp;apos;
System info: os.name: &amp;apos;Windows 11&amp;apos;, os.arch: &amp;apos;amd64&amp;apos;, os.version: &amp;apos;10.0&amp;apos;, java.version: &amp;apos;19.0.1&amp;apos;
Driver info: org.openqa.selenium.firefox.FirefoxDriver
Capabilities {acceptInsecureCerts: true, browserName: firefox, browserVersion: 110.0, moz:accessibilityChecks: false, moz:buildID: 20230214051806, moz:debuggerAddress: 127.0.0.1:8004, moz:geckodriverVersion: 0.32.2, moz:headless: false, moz:platformVersion: 10.0, moz:processID: 17228, moz:profile: C:\Users\MAS\AppData\Local\..., moz:shutdownTimeout: 60000, moz:useNonSpecCompliantPointerOrigin: false, moz:webdriverClick: true, moz:windowless: false, pageLoadStrategy: normal, platformName: WINDOWS, proxy: Proxy(), se:cdp: ws://127.0.0.1:8004/devtool..., se:cdpVersion: 85.0, setWindowRect: true, strictFileInteractability: false, timeouts: {implicit: 0, pageLoad: 300000, script: 30000}, unhandledPromptBehavior: dismiss and notify}
Session ID: fdc0b9bc-5495-4bf0-8161-6cfb3172bc80">
      <![CDATA[org.openqa.selenium.TimeoutException: Expected condition failed: waiting for element to be clickable: [[FirefoxDriver: firefox on WINDOWS (fdc0b9bc-5495-4bf0-8161-6cfb3172bc80)] -> xpath: //div[@data-testid='add-ons-continue-footer-button']] (tried for 10 second(s) with 500 milliseconds interval)
Build info: version: '4.8.1', revision: '8ebccac989'
System info: os.name: 'Windows 11', os.arch: 'amd64', os.version: '10.0', java.version: '19.0.1'
Driver info: org.openqa.selenium.firefox.FirefoxDriver
Capabilities {acceptInsecureCerts: true, browserName: firefox, browserVersion: 110.0, moz:accessibilityChecks: false, moz:buildID: 20230214051806, moz:debuggerAddress: 127.0.0.1:8004, moz:geckodriverVersion: 0.32.2, moz:headless: false, moz:platformVersion: 10.0, moz:processID: 17228, moz:profile: C:\Users\MAS\AppData\Local\..., moz:shutdownTimeout: 60000, moz:useNonSpecCompliantPointerOrigin: false, moz:webdriverClick: true, moz:windowless: false, pageLoadStrategy: normal, platformName: WINDOWS, proxy: Proxy(), se:cdp: ws://127.0.0.1:8004/devtool..., se:cdpVersion: 85.0, setWindowRect: true, strictFileInteractability: false, timeouts: {implicit: 0, pageLoad: 300000, script: 30000}, unhandledPromptBehavior: dismiss and notify}
Session ID: fdc0b9bc-5495-4bf0-8161-6cfb3172bc80
at org.openqa.selenium.support.ui.WebDriverWait.timeoutException(WebDriverWait.java:87)
at org.openqa.selenium.support.ui.FluentWait.until(FluentWait.java:231)
at guvi.PageObject.BookFlightOnewayTrip.GoToPaymentPage(BookFlightOnewayTrip.java:263)
at guvi.TestScenarios.BookFlightOnewayTripTest.bookFlightforOneWay(BookFlightOnewayTripTest.java:58)
at java.base/java.util.ArrayList.forEach(ArrayList.java:1511)
... Removed 29 stack frames]]>
    </failure>
  </testcase> <!-- bookFlightforOneWay -->
  <testcase classname="guvi.TestScenarios.BookFlightTwowayTripTest" name="selectFlightforBoarding" time="0.518">
    <failure type="org.openqa.selenium.ElementClickInterceptedException" message="Element &amp;lt;div class=&amp;quot;css-76zvg2 r-homxoj r-ubezar r-1ozqkpa&amp;quot;&amp;gt; is not clickable at point (548,187) because another element &amp;lt;div class=&amp;quot;css-1dbjc4n r-1awozwy r-1fdnko3 r-13awgt0 r-1777fci&amp;quot;&amp;gt; obscures it
Build info: version: &amp;apos;4.8.1&amp;apos;, revision: &amp;apos;8ebccac989&amp;apos;
System info: os.name: &amp;apos;Windows 11&amp;apos;, os.arch: &amp;apos;amd64&amp;apos;, os.version: &amp;apos;10.0&amp;apos;, java.version: &amp;apos;19.0.1&amp;apos;
Driver info: org.openqa.selenium.firefox.FirefoxDriver
Command: [8972b258-8752-487e-a26d-a39710c25116, clickElement {id=cac9ca17-ba02-41a4-ab7b-694095161293}]
Capabilities {acceptInsecureCerts: true, browserName: firefox, browserVersion: 110.0, moz:accessibilityChecks: false, moz:buildID: 20230214051806, moz:debuggerAddress: 127.0.0.1:29589, moz:geckodriverVersion: 0.32.2, moz:headless: false, moz:platformVersion: 10.0, moz:processID: 5832, moz:profile: C:\Users\MAS\AppData\Local\..., moz:shutdownTimeout: 60000, moz:useNonSpecCompliantPointerOrigin: false, moz:webdriverClick: true, moz:windowless: false, pageLoadStrategy: normal, platformName: WINDOWS, proxy: Proxy(), se:cdp: ws://127.0.0.1:29589/devtoo..., se:cdpVersion: 85.0, setWindowRect: true, strictFileInteractability: false, timeouts: {implicit: 0, pageLoad: 300000, script: 30000}, unhandledPromptBehavior: dismiss and notify}
Element: [[FirefoxDriver: firefox on WINDOWS (8972b258-8752-487e-a26d-a39710c25116)] -&amp;gt; xpath: //div[contains(text(),&amp;apos;round trip&amp;apos;)]]
Session ID: 8972b258-8752-487e-a26d-a39710c25116">
      <![CDATA[org.openqa.selenium.ElementClickInterceptedException: Element <div class="css-76zvg2 r-homxoj r-ubezar r-1ozqkpa"> is not clickable at point (548,187) because another element <div class="css-1dbjc4n r-1awozwy r-1fdnko3 r-13awgt0 r-1777fci"> obscures it
Build info: version: '4.8.1', revision: '8ebccac989'
System info: os.name: 'Windows 11', os.arch: 'amd64', os.version: '10.0', java.version: '19.0.1'
Driver info: org.openqa.selenium.firefox.FirefoxDriver
Command: [8972b258-8752-487e-a26d-a39710c25116, clickElement {id=cac9ca17-ba02-41a4-ab7b-694095161293}]
Capabilities {acceptInsecureCerts: true, browserName: firefox, browserVersion: 110.0, moz:accessibilityChecks: false, moz:buildID: 20230214051806, moz:debuggerAddress: 127.0.0.1:29589, moz:geckodriverVersion: 0.32.2, moz:headless: false, moz:platformVersion: 10.0, moz:processID: 5832, moz:profile: C:\Users\MAS\AppData\Local\..., moz:shutdownTimeout: 60000, moz:useNonSpecCompliantPointerOrigin: false, moz:webdriverClick: true, moz:windowless: false, pageLoadStrategy: normal, platformName: WINDOWS, proxy: Proxy(), se:cdp: ws://127.0.0.1:29589/devtoo..., se:cdpVersion: 85.0, setWindowRect: true, strictFileInteractability: false, timeouts: {implicit: 0, pageLoad: 300000, script: 30000}, unhandledPromptBehavior: dismiss and notify}
Element: [[FirefoxDriver: firefox on WINDOWS (8972b258-8752-487e-a26d-a39710c25116)] -> xpath: //div[contains(text(),'round trip')]]
Session ID: 8972b258-8752-487e-a26d-a39710c25116
at org.openqa.selenium.remote.codec.w3c.W3CHttpResponseCodec.createException(W3CHttpResponseCodec.java:200)
at org.openqa.selenium.remote.codec.w3c.W3CHttpResponseCodec.decode(W3CHttpResponseCodec.java:133)
at org.openqa.selenium.remote.codec.w3c.W3CHttpResponseCodec.decode(W3CHttpResponseCodec.java:53)
at org.openqa.selenium.remote.HttpCommandExecutor.execute(HttpCommandExecutor.java:184)
at org.openqa.selenium.remote.service.DriverCommandExecutor.invokeExecute(DriverCommandExecutor.java:167)
at org.openqa.selenium.remote.service.DriverCommandExecutor.execute(DriverCommandExecutor.java:142)
at org.openqa.selenium.remote.RemoteWebDriver.execute(RemoteWebDriver.java:543)
at org.openqa.selenium.remote.RemoteWebElement.execute(RemoteWebElement.java:257)
at org.openqa.selenium.remote.RemoteWebElement.click(RemoteWebElement.java:78)
at org.openqa.selenium.support.pagefactory.internal.LocatingElementHandler.invoke(LocatingElementHandler.java:52)
at jdk.proxy2/jdk.proxy2.$Proxy11.click(Unknown Source)
at guvi.PageObject.TwowayTripPage.twoWayTripDetails(TwowayTripPage.java:67)
at guvi.TestScenarios.BookFlightTwowayTripTest.selectFlightforBoarding(BookFlightTwowayTripTest.java:16)
at java.base/java.util.ArrayList.forEach(ArrayList.java:1511)
... Removed 34 stack frames]]>
    </failure>
  </testcase> <!-- selectFlightforBoarding -->
  <testcase classname="guvi.TestScenarios.ValidateCheckInTest" name="CheckInValidation" time="2.272"/>
  <testcase classname="guvi.TestScenarios.ValidateFlightStatusTest" name="FlightStatusValidation" time="5.052"/>
  <testcase classname="guvi.TestScenarios.ValidateManageBookingTest" name="ManageBookingValidation" time="2.045"/>
</testsuite> <!-- Test -->
