<?xml version="1.0" encoding="UTF-8"?>
<testng-results ignored="0" total="8" passed="6" failed="2" skipped="0">
  <reporter-output>
  </reporter-output>
  <suite started-at="2023-04-17T00:11:49 IST" name="Suite" finished-at="2023-04-17T00:14:11 IST" duration-ms="141688">
    <groups>
    </groups>
    <test started-at="2023-04-17T00:11:49 IST" name="Test" finished-at="2023-04-17T00:14:11 IST" duration-ms="141688">
      <class name="guvi.TestScenarios.ValidateManageBookingTest">
        <test-method is-config="true" signature="Startup()[pri:0, instance:guvi.TestScenarios.ValidateManageBookingTest@6b695b06]" started-at="2023-04-17T00:14:01 IST" name="Startup" finished-at="2023-04-17T00:14:08 IST" duration-ms="7116" status="PASS">
          <reporter-output>
          </reporter-output>
        </test-method> <!-- Startup -->
        <test-method signature="ManageBookingValidation()[pri:0, instance:guvi.TestScenarios.ValidateManageBookingTest@6b695b06]" started-at="2023-04-17T00:14:08 IST" name="ManageBookingValidation" finished-at="2023-04-17T00:14:10 IST" duration-ms="2045" status="PASS">
          <reporter-output>
          </reporter-output>
        </test-method> <!-- ManageBookingValidation -->
        <test-method is-config="true" signature="close()[pri:0, instance:guvi.TestScenarios.ValidateManageBookingTest@6b695b06]" started-at="2023-04-17T00:14:10 IST" name="close" finished-at="2023-04-17T00:14:11 IST" duration-ms="1046" status="PASS">
          <reporter-output>
          </reporter-output>
        </test-method> <!-- close -->
      </class> <!-- guvi.TestScenarios.ValidateManageBookingTest -->
      <class name="guvi.TestScenarios.SignupTest">
        <test-method is-config="true" signature="Startup()[pri:0, instance:guvi.TestScenarios.SignupTest@8462f31]" started-at="2023-04-17T00:11:49 IST" name="Startup" finished-at="2023-04-17T00:11:57 IST" duration-ms="7723" status="PASS">
          <reporter-output>
          </reporter-output>
        </test-method> <!-- Startup -->
        <test-method signature="Signup()[pri:0, instance:guvi.TestScenarios.SignupTest@8462f31]" started-at="2023-04-17T00:11:57 IST" name="Signup" finished-at="2023-04-17T00:12:04 IST" duration-ms="6697" status="PASS">
          <reporter-output>
          </reporter-output>
        </test-method> <!-- Signup -->
        <test-method is-config="true" signature="close()[pri:0, instance:guvi.TestScenarios.SignupTest@8462f31]" started-at="2023-04-17T00:12:04 IST" name="close" finished-at="2023-04-17T00:12:05 IST" duration-ms="1304" status="PASS">
          <reporter-output>
          </reporter-output>
        </test-method> <!-- close -->
      </class> <!-- guvi.TestScenarios.SignupTest -->
      <class name="guvi.TestScenarios.ValidateCheckInTest">
        <test-method is-config="true" signature="Startup()[pri:0, instance:guvi.TestScenarios.ValidateCheckInTest@71075444]" started-at="2023-04-17T00:13:37 IST" name="Startup" finished-at="2023-04-17T00:13:44 IST" duration-ms="6840" status="PASS">
          <reporter-output>
          </reporter-output>
        </test-method> <!-- Startup -->
        <test-method signature="CheckInValidation()[pri:0, instance:guvi.TestScenarios.ValidateCheckInTest@71075444]" started-at="2023-04-17T00:13:44 IST" name="CheckInValidation" finished-at="2023-04-17T00:13:46 IST" duration-ms="2272" status="PASS">
          <reporter-output>
          </reporter-output>
        </test-method> <!-- CheckInValidation -->
        <test-method is-config="true" signature="close()[pri:0, instance:guvi.TestScenarios.ValidateCheckInTest@71075444]" started-at="2023-04-17T00:13:46 IST" name="close" finished-at="2023-04-17T00:13:47 IST" duration-ms="1069" status="PASS">
          <reporter-output>
          </reporter-output>
        </test-method> <!-- close -->
      </class> <!-- guvi.TestScenarios.ValidateCheckInTest -->
      <class name="guvi.TestScenarios.ValidateFlightStatusTest">
        <test-method is-config="true" signature="Startup()[pri:0, instance:guvi.TestScenarios.ValidateFlightStatusTest@4f32a3ad]" started-at="2023-04-17T00:13:47 IST" name="Startup" finished-at="2023-04-17T00:13:55 IST" duration-ms="7515" status="PASS">
          <reporter-output>
          </reporter-output>
        </test-method> <!-- Startup -->
        <test-method signature="FlightStatusValidation()[pri:0, instance:guvi.TestScenarios.ValidateFlightStatusTest@4f32a3ad]" started-at="2023-04-17T00:13:55 IST" name="FlightStatusValidation" finished-at="2023-04-17T00:14:00 IST" duration-ms="5052" status="PASS">
          <reporter-output>
          </reporter-output>
        </test-method> <!-- FlightStatusValidation -->
        <test-method is-config="true" signature="close()[pri:0, instance:guvi.TestScenarios.ValidateFlightStatusTest@4f32a3ad]" started-at="2023-04-17T00:14:00 IST" name="close" finished-at="2023-04-17T00:14:01 IST" duration-ms="1102" status="PASS">
          <reporter-output>
          </reporter-output>
        </test-method> <!-- close -->
      </class> <!-- guvi.TestScenarios.ValidateFlightStatusTest -->
      <class name="guvi.TestScenarios.LoginTest">
        <test-method is-config="true" signature="Startup()[pri:0, instance:guvi.TestScenarios.LoginTest@4bdeaabb]" started-at="2023-04-17T00:12:05 IST" name="Startup" finished-at="2023-04-17T00:12:13 IST" duration-ms="7563" status="PASS">
          <reporter-output>
          </reporter-output>
        </test-method> <!-- Startup -->
        <test-method signature="LoginwithInValidCredentials()[pri:0, instance:guvi.TestScenarios.LoginTest@4bdeaabb]" started-at="2023-04-17T00:12:13 IST" name="LoginwithInValidCredentials" finished-at="2023-04-17T00:12:14 IST" duration-ms="1719" status="PASS">
          <reporter-output>
          </reporter-output>
        </test-method> <!-- LoginwithInValidCredentials -->
        <test-method is-config="true" signature="close()[pri:0, instance:guvi.TestScenarios.LoginTest@4bdeaabb]" started-at="2023-04-17T00:12:14 IST" name="close" finished-at="2023-04-17T00:12:15 IST" duration-ms="1073" status="PASS">
          <reporter-output>
          </reporter-output>
        </test-method> <!-- close -->
        <test-method is-config="true" signature="Startup()[pri:0, instance:guvi.TestScenarios.LoginTest@4bdeaabb]" started-at="2023-04-17T00:12:15 IST" name="Startup" finished-at="2023-04-17T00:12:22 IST" duration-ms="6477" status="PASS">
          <reporter-output>
          </reporter-output>
        </test-method> <!-- Startup -->
        <test-method signature="LoginwithValidCredentials()[pri:0, instance:guvi.TestScenarios.LoginTest@4bdeaabb]" started-at="2023-04-17T00:12:22 IST" name="LoginwithValidCredentials" finished-at="2023-04-17T00:12:27 IST" duration-ms="5227" status="PASS">
          <reporter-output>
          </reporter-output>
        </test-method> <!-- LoginwithValidCredentials -->
        <test-method is-config="true" signature="close()[pri:0, instance:guvi.TestScenarios.LoginTest@4bdeaabb]" started-at="2023-04-17T00:12:27 IST" name="close" finished-at="2023-04-17T00:12:28 IST" duration-ms="1073" status="PASS">
          <reporter-output>
          </reporter-output>
        </test-method> <!-- close -->
      </class> <!-- guvi.TestScenarios.LoginTest -->
      <class name="guvi.TestScenarios.BookFlightOnewayTripTest">
        <test-method is-config="true" signature="Startup()[pri:0, instance:guvi.TestScenarios.BookFlightOnewayTripTest@6c4906d3]" started-at="2023-04-17T00:12:28 IST" name="Startup" finished-at="2023-04-17T00:12:36 IST" duration-ms="7620" status="PASS">
          <reporter-output>
          </reporter-output>
        </test-method> <!-- Startup -->
        <test-method signature="bookFlightforOneWay()[pri:0, instance:guvi.TestScenarios.BookFlightOnewayTripTest@6c4906d3]" started-at="2023-04-17T00:12:36 IST" name="bookFlightforOneWay" finished-at="2023-04-17T00:13:26 IST" duration-ms="50646" status="FAIL">
          <exception class="org.openqa.selenium.TimeoutException">
            <message>
              <![CDATA[Expected condition failed: waiting for element to be clickable: [[FirefoxDriver: firefox on WINDOWS (fdc0b9bc-5495-4bf0-8161-6cfb3172bc80)] -> xpath: //div[@data-testid='add-ons-continue-footer-button']] (tried for 10 second(s) with 500 milliseconds interval)
Build info: version: '4.8.1', revision: '8ebccac989'
System info: os.name: 'Windows 11', os.arch: 'amd64', os.version: '10.0', java.version: '19.0.1'
Driver info: org.openqa.selenium.firefox.FirefoxDriver
Capabilities {acceptInsecureCerts: true, browserName: firefox, browserVersion: 110.0, moz:accessibilityChecks: false, moz:buildID: 20230214051806, moz:debuggerAddress: 127.0.0.1:8004, moz:geckodriverVersion: 0.32.2, moz:headless: false, moz:platformVersion: 10.0, moz:processID: 17228, moz:profile: C:\Users\MAS\AppData\Local\..., moz:shutdownTimeout: 60000, moz:useNonSpecCompliantPointerOrigin: false, moz:webdriverClick: true, moz:windowless: false, pageLoadStrategy: normal, platformName: WINDOWS, proxy: Proxy(), se:cdp: ws://127.0.0.1:8004/devtool..., se:cdpVersion: 85.0, setWindowRect: true, strictFileInteractability: false, timeouts: {implicit: 0, pageLoad: 300000, script: 30000}, unhandledPromptBehavior: dismiss and notify}
Session ID: fdc0b9bc-5495-4bf0-8161-6cfb3172bc80]]>
            </message>
            <full-stacktrace>
              <![CDATA[org.openqa.selenium.TimeoutException: Expected condition failed: waiting for element to be clickable: [[FirefoxDriver: firefox on WINDOWS (fdc0b9bc-5495-4bf0-8161-6cfb3172bc80)] -> xpath: //div[@data-testid='add-ons-continue-footer-button']] (tried for 10 second(s) with 500 milliseconds interval)
Build info: version: '4.8.1', revision: '8ebccac989'
System info: os.name: 'Windows 11', os.arch: 'amd64', os.version: '10.0', java.version: '19.0.1'
Driver info: org.openqa.selenium.firefox.FirefoxDriver
Capabilities {acceptInsecureCerts: true, browserName: firefox, browserVersion: 110.0, moz:accessibilityChecks: false, moz:buildID: 20230214051806, moz:debuggerAddress: 127.0.0.1:8004, moz:geckodriverVersion: 0.32.2, moz:headless: false, moz:platformVersion: 10.0, moz:processID: 17228, moz:profile: C:\Users\MAS\AppData\Local\..., moz:shutdownTimeout: 60000, moz:useNonSpecCompliantPointerOrigin: false, moz:webdriverClick: true, moz:windowless: false, pageLoadStrategy: normal, platformName: WINDOWS, proxy: Proxy(), se:cdp: ws://127.0.0.1:8004/devtool..., se:cdpVersion: 85.0, setWindowRect: true, strictFileInteractability: false, timeouts: {implicit: 0, pageLoad: 300000, script: 30000}, unhandledPromptBehavior: dismiss and notify}
Session ID: fdc0b9bc-5495-4bf0-8161-6cfb3172bc80
at org.openqa.selenium.support.ui.WebDriverWait.timeoutException(WebDriverWait.java:87)
at org.openqa.selenium.support.ui.FluentWait.until(FluentWait.java:231)
at guvi.PageObject.BookFlightOnewayTrip.GoToPaymentPage(BookFlightOnewayTrip.java:263)
at guvi.TestScenarios.BookFlightOnewayTripTest.bookFlightforOneWay(BookFlightOnewayTripTest.java:58)
at java.base/jdk.internal.reflect.DirectMethodHandleAccessor.invoke(DirectMethodHandleAccessor.java:104)
at java.base/java.lang.reflect.Method.invoke(Method.java:578)
at org.testng.internal.invokers.MethodInvocationHelper.invokeMethod(MethodInvocationHelper.java:139)
at org.testng.internal.invokers.TestInvoker.invokeMethod(TestInvoker.java:677)
at org.testng.internal.invokers.TestInvoker.invokeTestMethod(TestInvoker.java:221)
at org.testng.internal.invokers.MethodRunner.runInSequence(MethodRunner.java:50)
at org.testng.internal.invokers.TestInvoker$MethodInvocationAgent.invoke(TestInvoker.java:969)
at org.testng.internal.invokers.TestInvoker.invokeTestMethods(TestInvoker.java:194)
at org.testng.internal.invokers.TestMethodWorker.invokeTestMethods(TestMethodWorker.java:148)
at org.testng.internal.invokers.TestMethodWorker.run(TestMethodWorker.java:128)
at java.base/java.util.ArrayList.forEach(ArrayList.java:1511)
at org.testng.TestRunner.privateRun(TestRunner.java:829)
at org.testng.TestRunner.run(TestRunner.java:602)
at org.testng.SuiteRunner.runTest(SuiteRunner.java:437)
at org.testng.SuiteRunner.runSequentially(SuiteRunner.java:431)
at org.testng.SuiteRunner.privateRun(SuiteRunner.java:391)
at org.testng.SuiteRunner.run(SuiteRunner.java:330)
at org.testng.SuiteRunnerWorker.runSuite(SuiteRunnerWorker.java:52)
at org.testng.SuiteRunnerWorker.run(SuiteRunnerWorker.java:95)
at org.testng.TestNG.runSuitesSequentially(TestNG.java:1256)
at org.testng.TestNG.runSuitesLocally(TestNG.java:1176)
at org.testng.TestNG.runSuites(TestNG.java:1099)
at org.testng.TestNG.run(TestNG.java:1067)
at org.apache.maven.surefire.testng.TestNGExecutor.run(TestNGExecutor.java:308)
at org.apache.maven.surefire.testng.TestNGXmlTestSuite.execute(TestNGXmlTestSuite.java:71)
at org.apache.maven.surefire.testng.TestNGProvider.invoke(TestNGProvider.java:113)
at org.apache.maven.surefire.booter.ForkedBooter.runSuitesInProcess(ForkedBooter.java:385)
at org.apache.maven.surefire.booter.ForkedBooter.execute(ForkedBooter.java:162)
at org.apache.maven.surefire.booter.ForkedBooter.run(ForkedBooter.java:507)
at org.apache.maven.surefire.booter.ForkedBooter.main(ForkedBooter.java:495)
]]>
            </full-stacktrace>
          </exception> <!-- org.openqa.selenium.TimeoutException -->
          <reporter-output>
          </reporter-output>
        </test-method> <!-- bookFlightforOneWay -->
        <test-method is-config="true" signature="close()[pri:0, instance:guvi.TestScenarios.BookFlightOnewayTripTest@6c4906d3]" started-at="2023-04-17T00:13:27 IST" name="close" finished-at="2023-04-17T00:13:28 IST" duration-ms="1144" status="PASS">
          <reporter-output>
          </reporter-output>
        </test-method> <!-- close -->
      </class> <!-- guvi.TestScenarios.BookFlightOnewayTripTest -->
      <class name="guvi.TestScenarios.BookFlightTwowayTripTest">
        <test-method is-config="true" signature="Startup()[pri:0, instance:guvi.TestScenarios.BookFlightTwowayTripTest@65987993]" started-at="2023-04-17T00:13:28 IST" name="Startup" finished-at="2023-04-17T00:13:35 IST" duration-ms="7336" status="PASS">
          <reporter-output>
          </reporter-output>
        </test-method> <!-- Startup -->
        <test-method signature="selectFlightforBoarding()[pri:0, instance:guvi.TestScenarios.BookFlightTwowayTripTest@65987993]" started-at="2023-04-17T00:13:35 IST" name="selectFlightforBoarding" finished-at="2023-04-17T00:13:36 IST" duration-ms="518" status="FAIL">
          <exception class="org.openqa.selenium.ElementClickInterceptedException">
            <message>
              <![CDATA[Element <div class="css-76zvg2 r-homxoj r-ubezar r-1ozqkpa"> is not clickable at point (548,187) because another element <div class="css-1dbjc4n r-1awozwy r-1fdnko3 r-13awgt0 r-1777fci"> obscures it
Build info: version: '4.8.1', revision: '8ebccac989'
System info: os.name: 'Windows 11', os.arch: 'amd64', os.version: '10.0', java.version: '19.0.1'
Driver info: org.openqa.selenium.firefox.FirefoxDriver
Command: [8972b258-8752-487e-a26d-a39710c25116, clickElement {id=cac9ca17-ba02-41a4-ab7b-694095161293}]
Capabilities {acceptInsecureCerts: true, browserName: firefox, browserVersion: 110.0, moz:accessibilityChecks: false, moz:buildID: 20230214051806, moz:debuggerAddress: 127.0.0.1:29589, moz:geckodriverVersion: 0.32.2, moz:headless: false, moz:platformVersion: 10.0, moz:processID: 5832, moz:profile: C:\Users\MAS\AppData\Local\..., moz:shutdownTimeout: 60000, moz:useNonSpecCompliantPointerOrigin: false, moz:webdriverClick: true, moz:windowless: false, pageLoadStrategy: normal, platformName: WINDOWS, proxy: Proxy(), se:cdp: ws://127.0.0.1:29589/devtoo..., se:cdpVersion: 85.0, setWindowRect: true, strictFileInteractability: false, timeouts: {implicit: 0, pageLoad: 300000, script: 30000}, unhandledPromptBehavior: dismiss and notify}
Element: [[FirefoxDriver: firefox on WINDOWS (8972b258-8752-487e-a26d-a39710c25116)] -> xpath: //div[contains(text(),'round trip')]]
Session ID: 8972b258-8752-487e-a26d-a39710c25116]]>
            </message>
            <full-stacktrace>
              <![CDATA[org.openqa.selenium.ElementClickInterceptedException: Element <div class="css-76zvg2 r-homxoj r-ubezar r-1ozqkpa"> is not clickable at point (548,187) because another element <div class="css-1dbjc4n r-1awozwy r-1fdnko3 r-13awgt0 r-1777fci"> obscures it
Build info: version: '4.8.1', revision: '8ebccac989'
System info: os.name: 'Windows 11', os.arch: 'amd64', os.version: '10.0', java.version: '19.0.1'
Driver info: org.openqa.selenium.firefox.FirefoxDriver
Command: [8972b258-8752-487e-a26d-a39710c25116, clickElement {id=cac9ca17-ba02-41a4-ab7b-694095161293}]
Capabilities {acceptInsecureCerts: true, browserName: firefox, browserVersion: 110.0, moz:accessibilityChecks: false, moz:buildID: 20230214051806, moz:debuggerAddress: 127.0.0.1:29589, moz:geckodriverVersion: 0.32.2, moz:headless: false, moz:platformVersion: 10.0, moz:processID: 5832, moz:profile: C:\Users\MAS\AppData\Local\..., moz:shutdownTimeout: 60000, moz:useNonSpecCompliantPointerOrigin: false, moz:webdriverClick: true, moz:windowless: false, pageLoadStrategy: normal, platformName: WINDOWS, proxy: Proxy(), se:cdp: ws://127.0.0.1:29589/devtoo..., se:cdpVersion: 85.0, setWindowRect: true, strictFileInteractability: false, timeouts: {implicit: 0, pageLoad: 300000, script: 30000}, unhandledPromptBehavior: dismiss and notify}
Element: [[FirefoxDriver: firefox on WINDOWS (8972b258-8752-487e-a26d-a39710c25116)] -> xpath: //div[contains(text(),'round trip')]]
Session ID: 8972b258-8752-487e-a26d-a39710c25116
at java.base/jdk.internal.reflect.DirectConstructorHandleAccessor.newInstance(DirectConstructorHandleAccessor.java:67)
at java.base/java.lang.reflect.Constructor.newInstanceWithCaller(Constructor.java:500)
at java.base/java.lang.reflect.Constructor.newInstance(Constructor.java:484)
at org.openqa.selenium.remote.codec.w3c.W3CHttpResponseCodec.createException(W3CHttpResponseCodec.java:200)
at org.openqa.selenium.remote.codec.w3c.W3CHttpResponseCodec.decode(W3CHttpResponseCodec.java:133)
at org.openqa.selenium.remote.codec.w3c.W3CHttpResponseCodec.decode(W3CHttpResponseCodec.java:53)
at org.openqa.selenium.remote.HttpCommandExecutor.execute(HttpCommandExecutor.java:184)
at org.openqa.selenium.remote.service.DriverCommandExecutor.invokeExecute(DriverCommandExecutor.java:167)
at org.openqa.selenium.remote.service.DriverCommandExecutor.execute(DriverCommandExecutor.java:142)
at org.openqa.selenium.remote.RemoteWebDriver.execute(RemoteWebDriver.java:543)
at org.openqa.selenium.remote.RemoteWebElement.execute(RemoteWebElement.java:257)
at org.openqa.selenium.remote.RemoteWebElement.click(RemoteWebElement.java:78)
at java.base/jdk.internal.reflect.DirectMethodHandleAccessor.invoke(DirectMethodHandleAccessor.java:104)
at java.base/java.lang.reflect.Method.invoke(Method.java:578)
at org.openqa.selenium.support.pagefactory.internal.LocatingElementHandler.invoke(LocatingElementHandler.java:52)
at jdk.proxy2/jdk.proxy2.$Proxy11.click(Unknown Source)
at guvi.PageObject.TwowayTripPage.twoWayTripDetails(TwowayTripPage.java:67)
at guvi.TestScenarios.BookFlightTwowayTripTest.selectFlightforBoarding(BookFlightTwowayTripTest.java:16)
at java.base/jdk.internal.reflect.DirectMethodHandleAccessor.invoke(DirectMethodHandleAccessor.java:104)
at java.base/java.lang.reflect.Method.invoke(Method.java:578)
at org.testng.internal.invokers.MethodInvocationHelper.invokeMethod(MethodInvocationHelper.java:139)
at org.testng.internal.invokers.TestInvoker.invokeMethod(TestInvoker.java:677)
at org.testng.internal.invokers.TestInvoker.invokeTestMethod(TestInvoker.java:221)
at org.testng.internal.invokers.MethodRunner.runInSequence(MethodRunner.java:50)
at org.testng.internal.invokers.TestInvoker$MethodInvocationAgent.invoke(TestInvoker.java:969)
at org.testng.internal.invokers.TestInvoker.invokeTestMethods(TestInvoker.java:194)
at org.testng.internal.invokers.TestMethodWorker.invokeTestMethods(TestMethodWorker.java:148)
at org.testng.internal.invokers.TestMethodWorker.run(TestMethodWorker.java:128)
at java.base/java.util.ArrayList.forEach(ArrayList.java:1511)
at org.testng.TestRunner.privateRun(TestRunner.java:829)
at org.testng.TestRunner.run(TestRunner.java:602)
at org.testng.SuiteRunner.runTest(SuiteRunner.java:437)
at org.testng.SuiteRunner.runSequentially(SuiteRunner.java:431)
at org.testng.SuiteRunner.privateRun(SuiteRunner.java:391)
at org.testng.SuiteRunner.run(SuiteRunner.java:330)
at org.testng.SuiteRunnerWorker.runSuite(SuiteRunnerWorker.java:52)
at org.testng.SuiteRunnerWorker.run(SuiteRunnerWorker.java:95)
at org.testng.TestNG.runSuitesSequentially(TestNG.java:1256)
at org.testng.TestNG.runSuitesLocally(TestNG.java:1176)
at org.testng.TestNG.runSuites(TestNG.java:1099)
at org.testng.TestNG.run(TestNG.java:1067)
at org.apache.maven.surefire.testng.TestNGExecutor.run(TestNGExecutor.java:308)
at org.apache.maven.surefire.testng.TestNGXmlTestSuite.execute(TestNGXmlTestSuite.java:71)
at org.apache.maven.surefire.testng.TestNGProvider.invoke(TestNGProvider.java:113)
at org.apache.maven.surefire.booter.ForkedBooter.runSuitesInProcess(ForkedBooter.java:385)
at org.apache.maven.surefire.booter.ForkedBooter.execute(ForkedBooter.java:162)
at org.apache.maven.surefire.booter.ForkedBooter.run(ForkedBooter.java:507)
at org.apache.maven.surefire.booter.ForkedBooter.main(ForkedBooter.java:495)
]]>
            </full-stacktrace>
          </exception> <!-- org.openqa.selenium.ElementClickInterceptedException -->
          <reporter-output>
          </reporter-output>
        </test-method> <!-- selectFlightforBoarding -->
        <test-method is-config="true" signature="close()[pri:0, instance:guvi.TestScenarios.BookFlightTwowayTripTest@65987993]" started-at="2023-04-17T00:13:36 IST" name="close" finished-at="2023-04-17T00:13:37 IST" duration-ms="990" status="PASS">
          <reporter-output>
          </reporter-output>
        </test-method> <!-- close -->
      </class> <!-- guvi.TestScenarios.BookFlightTwowayTripTest -->
    </test> <!-- Test -->
  </suite> <!-- Suite -->
</testng-results>
